<?xml version="1.0" encoding="UTF-8"?>
<testng-results ignored="0" total="1" passed="1" failed="0" skipped="0">
  <reporter-output>
  </reporter-output>
  <suite started-at="2023-10-01T22:05:37 IST" name="Default suite" finished-at="2023-10-01T22:05:56 IST" duration-ms="19093">
    <groups>
    </groups>
    <test started-at="2023-10-01T22:05:37 IST" name="Default test" finished-at="2023-10-01T22:05:56 IST" duration-ms="19093">
      <class name="com.Utility.TestDefinitions">
        <test-method is-config="true" signature="launchApplication()[pri:0, instance:com.Utility.TestDefinitions@428640fa]" started-at="2023-10-01T22:05:37 IST" name="launchApplication" finished-at="2023-10-01T22:05:47 IST" duration-ms="9902" status="PASS">
          <reporter-output>
          </reporter-output>
        </test-method> <!-- launchApplication -->
        <test-method signature="placeOrder(java.util.HashMap)[pri:0, instance:com.Utility.TestDefinitions@428640fa]" started-at="2023-10-01T22:05:47 IST" name="placeOrder" data-provider="getData" finished-at="2023-10-01T22:05:56 IST" duration-ms="8929" status="PASS">
          <params>
            <param index="0">
              <value>
                <![CDATA[{PostalCode=123, LastName=bbb, FirstName=aaa}]]>
              </value>
            </param>
          </params>
          <reporter-output>
          </reporter-output>
        </test-method> <!-- placeOrder -->
        <test-method is-config="true" signature="teardown()[pri:0, instance:com.Utility.TestDefinitions@428640fa]" started-at="2023-10-01T22:05:56 IST" name="teardown" finished-at="2023-10-01T22:05:56 IST" duration-ms="178" status="PASS">
          <reporter-output>
          </reporter-output>
        </test-method> <!-- teardown -->
      </class> <!-- com.Utility.TestDefinitions -->
    </test> <!-- Default test -->
  </suite> <!-- Default suite -->
</testng-results>
