<?xml version="1.0" encoding="UTF-8"?>
<testng-results ignored="0" total="1" passed="1" failed="0" skipped="0">
  <reporter-output>
  </reporter-output>
  <suite started-at="2021-12-08T14:57:00 IST" name="All Test Suite" finished-at="2021-12-08T14:57:07 IST" duration-ms="6961">
    <groups>
    </groups>
    <test started-at="2021-12-08T14:57:00 IST" name="F:/java_Projects/selenium_maven_testng/src/test" finished-at="2021-12-08T14:57:07 IST" duration-ms="6961">
      <class name="testng_swagLabs">
        <test-method is-config="true" signature="setup()[pri:0, instance:testng_swagLabs@5562c41e]" started-at="2021-12-08T14:57:00 IST" name="setup" finished-at="2021-12-08T14:57:07 IST" duration-ms="6610" status="PASS">
          <reporter-output>
          </reporter-output>
        </test-method> <!-- setup -->
        <test-method signature="Title()[pri:0, instance:testng_swagLabs@5562c41e]" started-at="2021-12-08T14:57:07 IST" name="Title" finished-at="2021-12-08T14:57:07 IST" duration-ms="46" status="PASS">
          <reporter-output>
          </reporter-output>
        </test-method> <!-- Title -->
        <test-method is-config="true" signature="teardown()[pri:0, instance:testng_swagLabs@5562c41e]" started-at="2021-12-08T14:57:07 IST" name="teardown" finished-at="2021-12-08T14:57:07 IST" duration-ms="257" status="PASS">
          <reporter-output>
          </reporter-output>
        </test-method> <!-- teardown -->
      </class> <!-- testng_swagLabs -->
    </test> <!-- F:/java_Projects/selenium_maven_testng/src/test -->
  </suite> <!-- All Test Suite -->
</testng-results>
