<?xml version="1.0" encoding="UTF-8"?>
<!-- Generated by org.testng.reporters.JUnitXMLReporter -->
<testsuite ignored="0" hostname="DESKTOP-I6MPF4L" failures="0" tests="3" name="Default test" time="3.998" errors="0" timestamp="2023-10-14T20:31:43 IST">
  <testcase classname="com.Utility.DynamicJson" name="addBook" time="3.506"/>
  <testcase classname="com.Utility.DynamicJson" name="addBook" time="0.152"/>
  <testcase classname="com.Utility.DynamicJson" name="addBook" time="0.228"/>
</testsuite> <!-- Default test -->
