<?xml version="1.0" encoding="UTF-8"?>
<!-- Generated by org.testng.reporters.JUnitXMLReporter -->
<testsuite ignored="0" hostname="DESKTOP-I6MPF4L" failures="1" tests="1" name="ErrorValidations test" time="5.454" errors="0" timestamp="2023-11-05T00:25:01 IST">
  <testcase classname="com.Utility.errorValidationsTests" name="loginValidation" time="0.549">
    <failure type="java.lang.AssertionError" message="expected [Incorrec] but found [Incorrect]">
      <![CDATA[java.lang.AssertionError: expected [Incorrec] but found [Incorrect]
at com.Utility.errorValidationsTests.loginValidation(errorValidationsTests.java:14)
at java.base/java.util.ArrayList.forEach(ArrayList.java:1511)
... Removed 33 stack frames]]>
    </failure>
  </testcase> <!-- loginValidation -->
</testsuite> <!-- ErrorValidations test -->
